2018-06-18 10:13:06.865  INFO 2928 --- [restartedMain] com.app.SpringWebMvcAppApplication       : Starting SpringWebMvcAppApplication on sathya-PC with PID 2928 (F:\SpringBootMay2018\SpringWebMvcApp\target\classes started by sathya in F:\SpringBootMay2018\SpringWebMvcApp)
2018-06-18 10:13:06.866 DEBUG 2928 --- [restartedMain] com.app.SpringWebMvcAppApplication       : Running with Spring Boot v2.0.2.RELEASE, Spring v5.0.6.RELEASE
2018-06-18 10:13:06.867  INFO 2928 --- [restartedMain] com.app.SpringWebMvcAppApplication       : No active profile set, falling back to default profiles: default
2018-06-18 10:13:06.900  INFO 2928 --- [restartedMain] ConfigServletWebServerApplicationContext : Refreshing org.springframework.boot.web.servlet.context.AnnotationConfigServletWebServerApplicationContext@3b2aadeb: startup date [Mon Jun 18 10:13:06 IST 2018]; root of context hierarchy
2018-06-18 10:13:08.059  INFO 2928 --- [restartedMain] trationDelegate$BeanPostProcessorChecker : Bean 'org.springframework.transaction.annotation.ProxyTransactionManagementConfiguration' of type [org.springframework.transaction.annotation.ProxyTransactionManagementConfiguration$$EnhancerBySpringCGLIB$$bd8e37e6] is not eligible for getting processed by all BeanPostProcessors (for example: not eligible for auto-proxying)
2018-06-18 10:13:08.082  INFO 2928 --- [restartedMain] trationDelegate$BeanPostProcessorChecker : Bean 'org.springframework.cache.annotation.ProxyCachingConfiguration' of type [org.springframework.cache.annotation.ProxyCachingConfiguration$$EnhancerBySpringCGLIB$$6a06e04] is not eligible for getting processed by all BeanPostProcessors (for example: not eligible for auto-proxying)
2018-06-18 10:13:08.314  INFO 2928 --- [restartedMain] o.s.b.w.embedded.tomcat.TomcatWebServer  : Tomcat initialized with port(s): 2828 (http)
2018-06-18 10:13:08.328  INFO 2928 --- [restartedMain] o.apache.catalina.core.StandardService   : Starting service [Tomcat]
2018-06-18 10:13:08.328  INFO 2928 --- [restartedMain] org.apache.catalina.core.StandardEngine  : Starting Servlet Engine: Apache Tomcat/8.5.31
2018-06-18 10:13:08.331  INFO 2928 --- [localhost-startStop-1] o.a.catalina.core.AprLifecycleListener   : The APR based Apache Tomcat Native library which allows optimal performance in production environments was not found on the java.library.path: [C:\Program Files\Java\jre1.8.0_171\bin;C:\Windows\Sun\Java\bin;C:\Windows\system32;C:\Windows;C:/Program Files/Java/jre1.8.0_171/bin/server;C:/Program Files/Java/jre1.8.0_171/bin;C:/Program Files/Java/jre1.8.0_171/lib/amd64;C:\Program Files (x86)\Common Files\Oracle\Java\javapath;C:\oraclexe\app\oracle\product\10.2.0\server\bin;C:\Program Files (x86)\Intel\iCLS Client\;C:\Program Files\Intel\iCLS Client\;C:\Windows\system32;C:\Windows;C:\Windows\System32\Wbem;C:\Windows\System32\WindowsPowerShell\v1.0\;C:\Program Files (x86)\Intel\UCRT\;C:\Program Files\Intel\UCRT\;C:\Program Files (x86)\Intel\Intel(R) Management Engine Components\DAL;C:\Program Files\Intel\Intel(R) Management Engine Components\DAL;C:\Program Files (x86)\Intel\Intel(R) Management Engine Components\IPT;C:\Program Files\Intel\Intel(R) Management Engine Components\IPT;C:\Program Files\Java\jdk1.7.0\bin;F:\SpringBootAndCloud\sts-bundle\sts-3.9.4.RELEASE;;.]
2018-06-18 10:13:08.491  INFO 2928 --- [localhost-startStop-1] org.apache.jasper.servlet.TldScanner     : At least one JAR was scanned for TLDs yet contained no TLDs. Enable debug logging for this logger for a complete list of JARs that were scanned but no TLDs were found in them. Skipping unneeded JARs during scanning can improve startup time and JSP compilation time.
2018-06-18 10:13:08.494  INFO 2928 --- [localhost-startStop-1] o.a.c.c.C.[Tomcat].[localhost].[/]       : Initializing Spring embedded WebApplicationContext
2018-06-18 10:13:08.494  INFO 2928 --- [localhost-startStop-1] o.s.web.context.ContextLoader            : Root WebApplicationContext: initialization completed in 1594 ms
2018-06-18 10:13:09.145  INFO 2928 --- [localhost-startStop-1] o.s.b.w.servlet.FilterRegistrationBean   : Mapping filter: 'characterEncodingFilter' to: [/*]
2018-06-18 10:13:09.145  INFO 2928 --- [localhost-startStop-1] o.s.b.w.servlet.FilterRegistrationBean   : Mapping filter: 'hiddenHttpMethodFilter' to: [/*]
2018-06-18 10:13:09.146  INFO 2928 --- [localhost-startStop-1] o.s.b.w.servlet.FilterRegistrationBean   : Mapping filter: 'httpPutFormContentFilter' to: [/*]
2018-06-18 10:13:09.146  INFO 2928 --- [localhost-startStop-1] o.s.b.w.servlet.FilterRegistrationBean   : Mapping filter: 'requestContextFilter' to: [/*]
2018-06-18 10:13:09.146  INFO 2928 --- [localhost-startStop-1] .s.DelegatingFilterProxyRegistrationBean : Mapping filter: 'springSecurityFilterChain' to: [/*]
2018-06-18 10:13:09.147  INFO 2928 --- [localhost-startStop-1] o.s.b.w.servlet.FilterRegistrationBean   : Mapping filter: 'httpTraceFilter' to: [/*]
2018-06-18 10:13:09.147  INFO 2928 --- [localhost-startStop-1] o.s.b.w.servlet.FilterRegistrationBean   : Mapping filter: 'webMvcMetricsFilter' to: [/*]
2018-06-18 10:13:09.147  INFO 2928 --- [localhost-startStop-1] o.s.b.w.servlet.ServletRegistrationBean  : Servlet dispatcherServlet mapped to [/]
2018-06-18 10:13:09.221  INFO 2928 --- [restartedMain] com.zaxxer.hikari.HikariDataSource       : HikariCP - Starting...
2018-06-18 10:13:09.341  INFO 2928 --- [restartedMain] com.zaxxer.hikari.HikariDataSource       : HikariCP - Start completed.
2018-06-18 10:13:09.368  INFO 2928 --- [restartedMain] j.LocalContainerEntityManagerFactoryBean : Building JPA container EntityManagerFactory for persistence unit 'default'
2018-06-18 10:13:09.890  INFO 2928 --- [restartedMain] j.LocalContainerEntityManagerFactoryBean : Initialized JPA EntityManagerFactory for persistence unit 'default'
2018-06-18 10:13:10.341  INFO 2928 --- [restartedMain] o.s.s.web.DefaultSecurityFilterChain     : Creating filter chain: org.springframework.security.web.util.matcher.AnyRequestMatcher@1, [org.springframework.security.web.context.request.async.WebAsyncManagerIntegrationFilter@4301d119, org.springframework.security.web.context.SecurityContextPersistenceFilter@530d4a9a, org.springframework.security.web.header.HeaderWriterFilter@1f804d71, org.springframework.security.web.csrf.CsrfFilter@1a8d140b, org.springframework.security.web.authentication.logout.LogoutFilter@34b9117b, org.springframework.security.web.authentication.UsernamePasswordAuthenticationFilter@64aa2c20, org.springframework.security.web.authentication.ui.DefaultLoginPageGeneratingFilter@5a14c5, org.springframework.security.web.savedrequest.RequestCacheAwareFilter@1a04995f, org.springframework.security.web.servletapi.SecurityContextHolderAwareRequestFilter@247ecb39, org.springframework.security.web.authentication.AnonymousAuthenticationFilter@33095e4b, org.springframework.security.web.session.SessionManagementFilter@60ff3987, org.springframework.security.web.access.ExceptionTranslationFilter@2ed127cf, org.springframework.security.web.access.intercept.FilterSecurityInterceptor@40184dbf]
2018-06-18 10:13:10.410  INFO 2928 --- [restartedMain] o.s.w.s.handler.SimpleUrlHandlerMapping  : Mapped URL path [/**/favicon.ico] onto handler of type [class org.springframework.web.servlet.resource.ResourceHttpRequestHandler]
2018-06-18 10:13:10.569  INFO 2928 --- [restartedMain] s.w.s.m.m.a.RequestMappingHandlerAdapter : Looking for @ControllerAdvice: org.springframework.boot.web.servlet.context.AnnotationConfigServletWebServerApplicationContext@3b2aadeb: startup date [Mon Jun 18 10:13:06 IST 2018]; root of context hierarchy
2018-06-18 10:13:10.595  WARN 2928 --- [restartedMain] aWebConfiguration$JpaWebMvcConfiguration : spring.jpa.open-in-view is enabled by default. Therefore, database queries may be performed during view rendering. Explicitly configure spring.jpa.open-in-view to disable this warning
2018-06-18 10:13:10.619  INFO 2928 --- [restartedMain] s.w.s.m.m.a.RequestMappingHandlerMapping : Mapped "{[/emp/delete],methods=[GET]}" onto public java.lang.String com.app.controller.EmployeeController.doDelete(java.lang.Integer)
2018-06-18 10:13:10.621  INFO 2928 --- [restartedMain] s.w.s.m.m.a.RequestMappingHandlerMapping : Mapped "{[/emp/reg],methods=[GET]}" onto public java.lang.String com.app.controller.EmployeeController.showReg(org.springframework.ui.ModelMap)
2018-06-18 10:13:10.622  INFO 2928 --- [restartedMain] s.w.s.m.m.a.RequestMappingHandlerMapping : Mapped "{[/emp/insert],methods=[POST]}" onto public java.lang.String com.app.controller.EmployeeController.saveEmp(com.app.model.Employee,org.springframework.validation.Errors,org.springframework.ui.ModelMap)
2018-06-18 10:13:10.622  INFO 2928 --- [restartedMain] s.w.s.m.m.a.RequestMappingHandlerMapping : Mapped "{[/emp/viewAll],methods=[GET]}" onto public java.lang.String com.app.controller.EmployeeController.showData(org.springframework.ui.ModelMap)
2018-06-18 10:13:10.622  INFO 2928 --- [restartedMain] s.w.s.m.m.a.RequestMappingHandlerMapping : Mapped "{[/emp/viewPage],methods=[GET]}" onto public java.lang.String com.app.controller.EmployeeController.showPageData(org.springframework.data.domain.Pageable,com.app.model.Employee,org.springframework.ui.ModelMap)
2018-06-18 10:13:10.622  INFO 2928 --- [restartedMain] s.w.s.m.m.a.RequestMappingHandlerMapping : Mapped "{[/emp/viewOne],methods=[GET]}" onto public java.lang.String com.app.controller.EmployeeController.viewOne(java.lang.Integer,org.springframework.ui.ModelMap)
2018-06-18 10:13:10.623  INFO 2928 --- [restartedMain] s.w.s.m.m.a.RequestMappingHandlerMapping : Mapped "{[/emp/edit],methods=[GET]}" onto public java.lang.String com.app.controller.EmployeeController.showEdit(java.lang.Integer,org.springframework.ui.ModelMap)
2018-06-18 10:13:10.623  INFO 2928 --- [restartedMain] s.w.s.m.m.a.RequestMappingHandlerMapping : Mapped "{[/emp/update],methods=[POST]}" onto public java.lang.String com.app.controller.EmployeeController.updateEmp(com.app.model.Employee)
2018-06-18 10:13:10.624  INFO 2928 --- [restartedMain] s.w.s.m.m.a.RequestMappingHandlerMapping : Mapped "{[/error]}" onto public org.springframework.http.ResponseEntity<java.util.Map<java.lang.String, java.lang.Object>> org.springframework.boot.autoconfigure.web.servlet.error.BasicErrorController.error(javax.servlet.http.HttpServletRequest)
2018-06-18 10:13:10.625  INFO 2928 --- [restartedMain] s.w.s.m.m.a.RequestMappingHandlerMapping : Mapped "{[/error],produces=[text/html]}" onto public org.springframework.web.servlet.ModelAndView org.springframework.boot.autoconfigure.web.servlet.error.BasicErrorController.errorHtml(javax.servlet.http.HttpServletRequest,javax.servlet.http.HttpServletResponse)
2018-06-18 10:13:10.647  INFO 2928 --- [restartedMain] o.s.w.s.handler.SimpleUrlHandlerMapping  : Mapped URL path [/webjars/**] onto handler of type [class org.springframework.web.servlet.resource.ResourceHttpRequestHandler]
2018-06-18 10:13:10.647  INFO 2928 --- [restartedMain] o.s.w.s.handler.SimpleUrlHandlerMapping  : Mapped URL path [/**] onto handler of type [class org.springframework.web.servlet.resource.ResourceHttpRequestHandler]
2018-06-18 10:13:10.944  INFO 2928 --- [restartedMain] .s.s.UserDetailsServiceAutoConfiguration : 

Using generated security password: d87a3df3-ae1e-452e-a0b8-012035c0d744

2018-06-18 10:13:11.001  INFO 2928 --- [restartedMain] o.s.b.d.a.OptionalLiveReloadServer       : LiveReload server is running on port 35729
2018-06-18 10:13:11.011  INFO 2928 --- [restartedMain] o.s.b.a.e.web.EndpointLinksResolver      : Exposing 16 endpoint(s) beneath base path '/actuator'
2018-06-18 10:13:11.018  INFO 2928 --- [restartedMain] s.b.a.e.w.s.WebMvcEndpointHandlerMapping : Mapped "{[/actuator/auditevents],methods=[GET],produces=[application/vnd.spring-boot.actuator.v2+json || application/json]}" onto public java.lang.Object org.springframework.boot.actuate.endpoint.web.servlet.AbstractWebMvcEndpointHandlerMapping$OperationHandler.handle(javax.servlet.http.HttpServletRequest,java.util.Map<java.lang.String, java.lang.String>)
2018-06-18 10:13:11.019  INFO 2928 --- [restartedMain] s.b.a.e.w.s.WebMvcEndpointHandlerMapping : Mapped "{[/actuator/beans],methods=[GET],produces=[application/vnd.spring-boot.actuator.v2+json || application/json]}" onto public java.lang.Object org.springframework.boot.actuate.endpoint.web.servlet.AbstractWebMvcEndpointHandlerMapping$OperationHandler.handle(javax.servlet.http.HttpServletRequest,java.util.Map<java.lang.String, java.lang.String>)
2018-06-18 10:13:11.019  INFO 2928 --- [restartedMain] s.b.a.e.w.s.WebMvcEndpointHandlerMapping : Mapped "{[/actuator/health],methods=[GET],produces=[application/vnd.spring-boot.actuator.v2+json || application/json]}" onto public java.lang.Object org.springframework.boot.actuate.endpoint.web.servlet.AbstractWebMvcEndpointHandlerMapping$OperationHandler.handle(javax.servlet.http.HttpServletRequest,java.util.Map<java.lang.String, java.lang.String>)
2018-06-18 10:13:11.020  INFO 2928 --- [restartedMain] s.b.a.e.w.s.WebMvcEndpointHandlerMapping : Mapped "{[/actuator/conditions],methods=[GET],produces=[application/vnd.spring-boot.actuator.v2+json || application/json]}" onto public java.lang.Object org.springframework.boot.actuate.endpoint.web.servlet.AbstractWebMvcEndpointHandlerMapping$OperationHandler.handle(javax.servlet.http.HttpServletRequest,java.util.Map<java.lang.String, java.lang.String>)
2018-06-18 10:13:11.021  INFO 2928 --- [restartedMain] s.b.a.e.w.s.WebMvcEndpointHandlerMapping : Mapped "{[/actuator/shutdown],methods=[POST],produces=[application/vnd.spring-boot.actuator.v2+json || application/json]}" onto public java.lang.Object org.springframework.boot.actuate.endpoint.web.servlet.AbstractWebMvcEndpointHandlerMapping$OperationHandler.handle(javax.servlet.http.HttpServletRequest,java.util.Map<java.lang.String, java.lang.String>)
2018-06-18 10:13:11.021  INFO 2928 --- [restartedMain] s.b.a.e.w.s.WebMvcEndpointHandlerMapping : Mapped "{[/actuator/configprops],methods=[GET],produces=[application/vnd.spring-boot.actuator.v2+json || application/json]}" onto public java.lang.Object org.springframework.boot.actuate.endpoint.web.servlet.AbstractWebMvcEndpointHandlerMapping$OperationHandler.handle(javax.servlet.http.HttpServletRequest,java.util.Map<java.lang.String, java.lang.String>)
2018-06-18 10:13:11.021  INFO 2928 --- [restartedMain] s.b.a.e.w.s.WebMvcEndpointHandlerMapping : Mapped "{[/actuator/env],methods=[GET],produces=[application/vnd.spring-boot.actuator.v2+json || application/json]}" onto public java.lang.Object org.springframework.boot.actuate.endpoint.web.servlet.AbstractWebMvcEndpointHandlerMapping$OperationHandler.handle(javax.servlet.http.HttpServletRequest,java.util.Map<java.lang.String, java.lang.String>)
2018-06-18 10:13:11.021  INFO 2928 --- [restartedMain] s.b.a.e.w.s.WebMvcEndpointHandlerMapping : Mapped "{[/actuator/env/{toMatch}],methods=[GET],produces=[application/vnd.spring-boot.actuator.v2+json || application/json]}" onto public java.lang.Object org.springframework.boot.actuate.endpoint.web.servlet.AbstractWebMvcEndpointHandlerMapping$OperationHandler.handle(javax.servlet.http.HttpServletRequest,java.util.Map<java.lang.String, java.lang.String>)
2018-06-18 10:13:11.022  INFO 2928 --- [restartedMain] s.b.a.e.w.s.WebMvcEndpointHandlerMapping : Mapped "{[/actuator/info],methods=[GET],produces=[application/vnd.spring-boot.actuator.v2+json || application/json]}" onto public java.lang.Object org.springframework.boot.actuate.endpoint.web.servlet.AbstractWebMvcEndpointHandlerMapping$OperationHandler.handle(javax.servlet.http.HttpServletRequest,java.util.Map<java.lang.String, java.lang.String>)
2018-06-18 10:13:11.022  INFO 2928 --- [restartedMain] s.b.a.e.w.s.WebMvcEndpointHandlerMapping : Mapped "{[/actuator/logfile],methods=[GET],produces=[application/octet-stream]}" onto public java.lang.Object org.springframework.boot.actuate.endpoint.web.servlet.AbstractWebMvcEndpointHandlerMapping$OperationHandler.handle(javax.servlet.http.HttpServletRequest,java.util.Map<java.lang.String, java.lang.String>)
2018-06-18 10:13:11.022  INFO 2928 --- [restartedMain] s.b.a.e.w.s.WebMvcEndpointHandlerMapping : Mapped "{[/actuator/loggers],methods=[GET],produces=[application/vnd.spring-boot.actuator.v2+json || application/json]}" onto public java.lang.Object org.springframework.boot.actuate.endpoint.web.servlet.AbstractWebMvcEndpointHandlerMapping$OperationHandler.handle(javax.servlet.http.HttpServletRequest,java.util.Map<java.lang.String, java.lang.String>)
2018-06-18 10:13:11.023  INFO 2928 --- [restartedMain] s.b.a.e.w.s.WebMvcEndpointHandlerMapping : Mapped "{[/actuator/loggers/{name}],methods=[POST],consumes=[application/vnd.spring-boot.actuator.v2+json || application/json]}" onto public java.lang.Object org.springframework.boot.actuate.endpoint.web.servlet.AbstractWebMvcEndpointHandlerMapping$OperationHandler.handle(javax.servlet.http.HttpServletRequest,java.util.Map<java.lang.String, java.lang.String>)
2018-06-18 10:13:11.023  INFO 2928 --- [restartedMain] s.b.a.e.w.s.WebMvcEndpointHandlerMapping : Mapped "{[/actuator/loggers/{name}],methods=[GET],produces=[application/vnd.spring-boot.actuator.v2+json || application/json]}" onto public java.lang.Object org.springframework.boot.actuate.endpoint.web.servlet.AbstractWebMvcEndpointHandlerMapping$OperationHandler.handle(javax.servlet.http.HttpServletRequest,java.util.Map<java.lang.String, java.lang.String>)
2018-06-18 10:13:11.023  INFO 2928 --- [restartedMain] s.b.a.e.w.s.WebMvcEndpointHandlerMapping : Mapped "{[/actuator/heapdump],methods=[GET],produces=[application/octet-stream]}" onto public java.lang.Object org.springframework.boot.actuate.endpoint.web.servlet.AbstractWebMvcEndpointHandlerMapping$OperationHandler.handle(javax.servlet.http.HttpServletRequest,java.util.Map<java.lang.String, java.lang.String>)
2018-06-18 10:13:11.024  INFO 2928 --- [restartedMain] s.b.a.e.w.s.WebMvcEndpointHandlerMapping : Mapped "{[/actuator/threaddump],methods=[GET],produces=[application/vnd.spring-boot.actuator.v2+json || application/json]}" onto public java.lang.Object org.springframework.boot.actuate.endpoint.web.servlet.AbstractWebMvcEndpointHandlerMapping$OperationHandler.handle(javax.servlet.http.HttpServletRequest,java.util.Map<java.lang.String, java.lang.String>)
2018-06-18 10:13:11.024  INFO 2928 --- [restartedMain] s.b.a.e.w.s.WebMvcEndpointHandlerMapping : Mapped "{[/actuator/metrics],methods=[GET],produces=[application/vnd.spring-boot.actuator.v2+json || application/json]}" onto public java.lang.Object org.springframework.boot.actuate.endpoint.web.servlet.AbstractWebMvcEndpointHandlerMapping$OperationHandler.handle(javax.servlet.http.HttpServletRequest,java.util.Map<java.lang.String, java.lang.String>)
2018-06-18 10:13:11.024  INFO 2928 --- [restartedMain] s.b.a.e.w.s.WebMvcEndpointHandlerMapping : Mapped "{[/actuator/metrics/{requiredMetricName}],methods=[GET],produces=[application/vnd.spring-boot.actuator.v2+json || application/json]}" onto public java.lang.Object org.springframework.boot.actuate.endpoint.web.servlet.AbstractWebMvcEndpointHandlerMapping$OperationHandler.handle(javax.servlet.http.HttpServletRequest,java.util.Map<java.lang.String, java.lang.String>)
2018-06-18 10:13:11.024  INFO 2928 --- [restartedMain] s.b.a.e.w.s.WebMvcEndpointHandlerMapping : Mapped "{[/actuator/scheduledtasks],methods=[GET],produces=[application/vnd.spring-boot.actuator.v2+json || application/json]}" onto public java.lang.Object org.springframework.boot.actuate.endpoint.web.servlet.AbstractWebMvcEndpointHandlerMapping$OperationHandler.handle(javax.servlet.http.HttpServletRequest,java.util.Map<java.lang.String, java.lang.String>)
2018-06-18 10:13:11.024  INFO 2928 --- [restartedMain] s.b.a.e.w.s.WebMvcEndpointHandlerMapping : Mapped "{[/actuator/httptrace],methods=[GET],produces=[application/vnd.spring-boot.actuator.v2+json || application/json]}" onto public java.lang.Object org.springframework.boot.actuate.endpoint.web.servlet.AbstractWebMvcEndpointHandlerMapping$OperationHandler.handle(javax.servlet.http.HttpServletRequest,java.util.Map<java.lang.String, java.lang.String>)
2018-06-18 10:13:11.025  INFO 2928 --- [restartedMain] s.b.a.e.w.s.WebMvcEndpointHandlerMapping : Mapped "{[/actuator/mappings],methods=[GET],produces=[application/vnd.spring-boot.actuator.v2+json || application/json]}" onto public java.lang.Object org.springframework.boot.actuate.endpoint.web.servlet.AbstractWebMvcEndpointHandlerMapping$OperationHandler.handle(javax.servlet.http.HttpServletRequest,java.util.Map<java.lang.String, java.lang.String>)
2018-06-18 10:13:11.025  INFO 2928 --- [restartedMain] s.b.a.e.w.s.WebMvcEndpointHandlerMapping : Mapped "{[/actuator],methods=[GET],produces=[application/vnd.spring-boot.actuator.v2+json || application/json]}" onto protected java.util.Map<java.lang.String, java.util.Map<java.lang.String, org.springframework.boot.actuate.endpoint.web.Link>> org.springframework.boot.actuate.endpoint.web.servlet.WebMvcEndpointHandlerMapping.links(javax.servlet.http.HttpServletRequest,javax.servlet.http.HttpServletResponse)
2018-06-18 10:13:11.064  INFO 2928 --- [restartedMain] o.s.j.e.a.AnnotationMBeanExporter        : Registering beans for JMX exposure on startup
2018-06-18 10:13:11.065  INFO 2928 --- [restartedMain] o.s.j.e.a.AnnotationMBeanExporter        : Bean with name 'dataSource' has been autodetected for JMX exposure
2018-06-18 10:13:11.071  INFO 2928 --- [restartedMain] o.s.j.e.a.AnnotationMBeanExporter        : Located MBean 'dataSource': registering with JMX server as MBean [com.zaxxer.hikari:name=dataSource,type=HikariDataSource]
2018-06-18 10:13:11.113  INFO 2928 --- [restartedMain] o.s.b.w.embedded.tomcat.TomcatWebServer  : Tomcat started on port(s): 2828 (http) with context path ''
2018-06-18 10:13:11.117  INFO 2928 --- [restartedMain] com.app.SpringWebMvcAppApplication       : Started SpringWebMvcAppApplication in 4.537 seconds (JVM running for 5.004)
2018-06-18 10:13:15.174  INFO 2928 --- [http-nio-2828-exec-1] o.a.c.c.C.[Tomcat].[localhost].[/]       : Initializing Spring FrameworkServlet 'dispatcherServlet'
2018-06-18 10:13:15.175  INFO 2928 --- [http-nio-2828-exec-1] o.s.web.servlet.DispatcherServlet        : FrameworkServlet 'dispatcherServlet': initialization started
2018-06-18 10:13:15.190  INFO 2928 --- [http-nio-2828-exec-1] o.s.web.servlet.DispatcherServlet        : FrameworkServlet 'dispatcherServlet': initialization completed in 15 ms
2018-06-18 10:13:15.229  INFO 2928 --- [http-nio-2828-exec-1] com.app.controller.EmployeeController    : Now in Show reg Method
2018-06-18 10:30:13.115  INFO 2928 --- [RMI TCP Connection(2)-127.0.0.1] inMXBeanRegistrar$SpringApplicationAdmin : Application shutdown requested.
2018-06-18 10:30:13.115  INFO 2928 --- [RMI TCP Connection(2)-127.0.0.1] ConfigServletWebServerApplicationContext : Closing org.springframework.boot.web.servlet.context.AnnotationConfigServletWebServerApplicationContext@3b2aadeb: startup date [Mon Jun 18 10:13:06 IST 2018]; root of context hierarchy
2018-06-18 10:30:13.131  INFO 2928 --- [RMI TCP Connection(2)-127.0.0.1] o.s.j.e.a.AnnotationMBeanExporter        : Unregistering JMX-exposed beans on shutdown
2018-06-18 10:30:13.131  INFO 2928 --- [RMI TCP Connection(2)-127.0.0.1] o.s.j.e.a.AnnotationMBeanExporter        : Unregistering JMX-exposed beans
2018-06-18 10:30:13.131  INFO 2928 --- [RMI TCP Connection(2)-127.0.0.1] j.LocalContainerEntityManagerFactoryBean : Closing JPA EntityManagerFactory for persistence unit 'default'
2018-06-18 10:30:13.131  INFO 2928 --- [RMI TCP Connection(2)-127.0.0.1] com.zaxxer.hikari.HikariDataSource       : HikariCP - Shutdown initiated...
2018-06-18 10:30:13.131  INFO 2928 --- [RMI TCP Connection(2)-127.0.0.1] com.zaxxer.hikari.HikariDataSource       : HikariCP - Shutdown completed.
